<?xml version="1.0" encoding="UTF-8"?>
<!-- Generated by org.testng.reporters.JUnitXMLReporter -->
<testsuite ignored="0" hostname="LQA-IFRAHASIF" failures="0" tests="7" name="Product" time="1.639" errors="0" timestamp="2023-09-11T14:59:45 PKT">
  <testcase classname="BaseTest" name="@BeforeClass setUp" time="0.924">
    <failure type="org.openqa.selenium.remote.NoSuchDriverException" message="Unable to obtain: Capabilities {browserName: chrome, goog:chromeOptions: {args: [--remote-allow-origins=*, --start-maximized], extensions: []}}, error Command failed with code: 65, executed: [C:\Users\IFRAH~1.ASI\AppData\Local\Temp\selenium-manager258030320500740017015231575403698777\selenium-manager.exe, --browser, chrome, --output, json]
error sending request for url (https://googlechromelabs.github.io/chrome-for-testing/known-good-versions-with-downloads.json): error trying to connect: dns error: No such host is known. (os error 11001)
Build info: version: &amp;apos;4.11.0&amp;apos;, revision: &amp;apos;040bc5406b&amp;apos;
System info: os.name: &amp;apos;Windows 10&amp;apos;, os.arch: &amp;apos;amd64&amp;apos;, os.version: &amp;apos;10.0&amp;apos;, java.version: &amp;apos;20.0.2&amp;apos;
Driver info: driver.version: ChromeDriver">
      <![CDATA[org.openqa.selenium.remote.NoSuchDriverException: Unable to obtain: Capabilities {browserName: chrome, goog:chromeOptions: {args: [--remote-allow-origins=*, --start-maximized], extensions: []}}, error Command failed with code: 65, executed: [C:\Users\IFRAH~1.ASI\AppData\Local\Temp\selenium-manager258030320500740017015231575403698777\selenium-manager.exe, --browser, chrome, --output, json]
error sending request for url (https://googlechromelabs.github.io/chrome-for-testing/known-good-versions-with-downloads.json): error trying to connect: dns error: No such host is known. (os error 11001)
Build info: version: '4.11.0', revision: '040bc5406b'
System info: os.name: 'Windows 10', os.arch: 'amd64', os.version: '10.0', java.version: '20.0.2'
Driver info: driver.version: ChromeDriver
at org.openqa.selenium.remote.service.DriverFinder.getPath(DriverFinder.java:25)
at org.openqa.selenium.remote.service.DriverFinder.getPath(DriverFinder.java:13)
at org.openqa.selenium.chrome.ChromeDriver.generateExecutor(ChromeDriver.java:99)
at org.openqa.selenium.chrome.ChromeDriver.<init>(ChromeDriver.java:88)
at org.openqa.selenium.chrome.ChromeDriver.<init>(ChromeDriver.java:83)
at org.openqa.selenium.chrome.ChromeDriver.<init>(ChromeDriver.java:72)
at BaseTest.setUp(BaseTest.java:30)
at java.base/java.util.ArrayList.forEach(ArrayList.java:1511)
Caused by: org.openqa.selenium.WebDriverException: Command failed with code: 65, executed: [C:\Users\IFRAH~1.ASI\AppData\Local\Temp\selenium-manager258030320500740017015231575403698777\selenium-manager.exe, --browser, chrome, --output, json]
error sending request for url (https://googlechromelabs.github.io/chrome-for-testing/known-good-versions-with-downloads.json): error trying to connect: dns error: No such host is known. (os error 11001)
Build info: version: '4.11.0', revision: '040bc5406b'
System info: os.name: 'Windows 10', os.arch: 'amd64', os.version: '10.0', java.version: '20.0.2'
Driver info: driver.version: ChromeDriver
at org.openqa.selenium.manager.SeleniumManager.runCommand(SeleniumManager.java:151)
at org.openqa.selenium.manager.SeleniumManager.getDriverPath(SeleniumManager.java:273)
at org.openqa.selenium.remote.service.DriverFinder.getPath(DriverFinder.java:22)
... 34 more
... Removed 27 stack frames]]>
    </failure>
  </testcase> <!-- @BeforeClass setUp -->
  <testcase classname="BaseTest" name="@AfterClass tearDown" time="0.0">
    <skipped/>
  </testcase> <!-- @AfterClass tearDown -->
  <testcase classname="BaseTest" name="@BeforeClass setUp" time="0.502">
    <failure type="org.openqa.selenium.remote.NoSuchDriverException" message="Unable to obtain: Capabilities {browserName: chrome, goog:chromeOptions: {args: [--remote-allow-origins=*, --start-maximized], extensions: []}}, error Command failed with code: 65, executed: [C:\Users\IFRAH~1.ASI\AppData\Local\Temp\selenium-manager258030320500740017015231575403698777\selenium-manager.exe, --browser, chrome, --output, json]
error sending request for url (https://googlechromelabs.github.io/chrome-for-testing/known-good-versions-with-downloads.json): error trying to connect: dns error: No such host is known. (os error 11001)
Build info: version: &amp;apos;4.11.0&amp;apos;, revision: &amp;apos;040bc5406b&amp;apos;
System info: os.name: &amp;apos;Windows 10&amp;apos;, os.arch: &amp;apos;amd64&amp;apos;, os.version: &amp;apos;10.0&amp;apos;, java.version: &amp;apos;20.0.2&amp;apos;
Driver info: driver.version: ChromeDriver">
      <![CDATA[org.openqa.selenium.remote.NoSuchDriverException: Unable to obtain: Capabilities {browserName: chrome, goog:chromeOptions: {args: [--remote-allow-origins=*, --start-maximized], extensions: []}}, error Command failed with code: 65, executed: [C:\Users\IFRAH~1.ASI\AppData\Local\Temp\selenium-manager258030320500740017015231575403698777\selenium-manager.exe, --browser, chrome, --output, json]
error sending request for url (https://googlechromelabs.github.io/chrome-for-testing/known-good-versions-with-downloads.json): error trying to connect: dns error: No such host is known. (os error 11001)
Build info: version: '4.11.0', revision: '040bc5406b'
System info: os.name: 'Windows 10', os.arch: 'amd64', os.version: '10.0', java.version: '20.0.2'
Driver info: driver.version: ChromeDriver
at org.openqa.selenium.remote.service.DriverFinder.getPath(DriverFinder.java:25)
at org.openqa.selenium.remote.service.DriverFinder.getPath(DriverFinder.java:13)
at org.openqa.selenium.chrome.ChromeDriver.generateExecutor(ChromeDriver.java:99)
at org.openqa.selenium.chrome.ChromeDriver.<init>(ChromeDriver.java:88)
at org.openqa.selenium.chrome.ChromeDriver.<init>(ChromeDriver.java:83)
at org.openqa.selenium.chrome.ChromeDriver.<init>(ChromeDriver.java:72)
at BaseTest.setUp(BaseTest.java:30)
at java.base/java.util.ArrayList.forEach(ArrayList.java:1511)
Caused by: org.openqa.selenium.WebDriverException: Command failed with code: 65, executed: [C:\Users\IFRAH~1.ASI\AppData\Local\Temp\selenium-manager258030320500740017015231575403698777\selenium-manager.exe, --browser, chrome, --output, json]
error sending request for url (https://googlechromelabs.github.io/chrome-for-testing/known-good-versions-with-downloads.json): error trying to connect: dns error: No such host is known. (os error 11001)
Build info: version: '4.11.0', revision: '040bc5406b'
System info: os.name: 'Windows 10', os.arch: 'amd64', os.version: '10.0', java.version: '20.0.2'
Driver info: driver.version: ChromeDriver
at org.openqa.selenium.manager.SeleniumManager.runCommand(SeleniumManager.java:151)
at org.openqa.selenium.manager.SeleniumManager.getDriverPath(SeleniumManager.java:273)
at org.openqa.selenium.remote.service.DriverFinder.getPath(DriverFinder.java:22)
... 34 more
... Removed 27 stack frames]]>
    </failure>
  </testcase> <!-- @BeforeClass setUp -->
  <testcase classname="BaseTest" name="@AfterClass tearDown" time="0.0">
    <skipped/>
  </testcase> <!-- @AfterClass tearDown -->
  <testcase classname="SearchProductTest" name="searchBarVisibility" time="0.0">
    <skipped/>
  </testcase> <!-- searchBarVisibility -->
  <testcase classname="SearchProductTest" name="verifyPlaceholderText" time="0.0">
    <skipped/>
  </testcase> <!-- verifyPlaceholderText -->
  <testcase classname="SearchProductTest" name="searchProduct" time="0.0">
    <skipped/>
  </testcase> <!-- searchProduct -->
  <testcase classname="AddProduct" name="selectProductTest" time="0.0">
    <skipped/>
  </testcase> <!-- selectProductTest -->
  <testcase classname="AddProduct" name="addProductToCartTest" time="0.001">
    <skipped/>
  </testcase> <!-- addProductToCartTest -->
  <testcase classname="AddProduct" name="addProductToWishlist" time="0.0">
    <skipped/>
  </testcase> <!-- addProductToWishlist -->
  <testcase classname="AddProduct" name="addProductToComparison" time="0.0">
    <skipped/>
  </testcase> <!-- addProductToComparison -->
</testsuite> <!-- Product -->
